<?xml version="1.0" encoding="UTF-8"?>
<testsuite name="com.beltraluca.excerises.functional.AllPalindromeTest" tests="1" skipped="0" failures="0" errors="0" timestamp="2023-04-21T14:25:44" hostname="DESKTOP-8Q7P787" time="0.026">
  <properties/>
  <testcase name="allPalindrome()" classname="com.beltraluca.excerises.functional.AllPalindromeTest" time="0.026"/>
  <system-out><![CDATA[false
]]></system-out>
  <system-err><![CDATA[]]></system-err>
</testsuite>
